<?xml version="1.0" encoding="UTF-8"?>
<testng-results ignored="0" total="6" passed="4" failed="2" skipped="0">
  <reporter-output>
  </reporter-output>
  <suite started-at="2025-02-20T00:23:45 IST" name="Suite" finished-at="2025-02-20T00:24:33 IST" duration-ms="47965">
    <groups>
      <group name="Master">
        <method signature="TC002_loginTest.verify_login()[pri:0, instance:testCases.TC002_loginTest@294a6b8e]" name="verify_login" class="testCases.TC002_loginTest"/>
        <method signature="TTC001_accountRegistrationTest.verify_account_registration()[pri:0, instance:testCases.TTC001_accountRegistrationTest@5143c662]" name="verify_account_registration" class="testCases.TTC001_accountRegistrationTest"/>
      </group> <!-- Master -->
      <group name="Sanity">
        <method signature="TTC001_accountRegistrationTest.verify_account_registration()[pri:0, instance:testCases.TTC001_accountRegistrationTest@5143c662]" name="verify_account_registration" class="testCases.TTC001_accountRegistrationTest"/>
      </group> <!-- Sanity -->
      <group name="Regression">
        <method signature="TC002_loginTest.verify_login()[pri:0, instance:testCases.TC002_loginTest@294a6b8e]" name="verify_login" class="testCases.TC002_loginTest"/>
      </group> <!-- Regression -->
      <group name="dataDriven">
        <method signature="TC003_loginDataDrivenTest.verify_loginDataDrivenTest(java.lang.String,java.lang.String,java.lang.String)[pri:0, instance:testCases.TC003_loginDataDrivenTest@4b1d6571]" name="verify_loginDataDrivenTest" class="testCases.TC003_loginDataDrivenTest"/>
      </group> <!-- dataDriven -->
    </groups>
    <test started-at="2025-02-20T00:23:45 IST" name="Test" finished-at="2025-02-20T00:24:33 IST" duration-ms="47965">
      <class name="testCases.TC002_loginTest">
        <test-method is-config="true" signature="setup(java.lang.String,java.lang.String)[pri:0, instance:testCases.TC002_loginTest@294a6b8e]" started-at="2025-02-20T00:23:51 IST" name="setup" finished-at="2025-02-20T00:23:54 IST" duration-ms="3159" status="PASS">
          <params>
            <param index="0">
              <value>
                <![CDATA[Windows]]>
              </value>
            </param>
            <param index="1">
              <value>
                <![CDATA[chrome]]>
              </value>
            </param>
          </params>
          <reporter-output>
          </reporter-output>
        </test-method> <!-- setup -->
        <test-method signature="verify_login()[pri:0, instance:testCases.TC002_loginTest@294a6b8e]" started-at="2025-02-20T00:23:54 IST" name="verify_login" finished-at="2025-02-20T00:23:56 IST" duration-ms="1608" status="PASS">
          <reporter-output>
          </reporter-output>
        </test-method> <!-- verify_login -->
        <test-method is-config="true" signature="teardown()[pri:0, instance:testCases.TC002_loginTest@294a6b8e]" started-at="2025-02-20T00:23:56 IST" name="teardown" finished-at="2025-02-20T00:23:56 IST" duration-ms="130" status="PASS">
          <reporter-output>
          </reporter-output>
        </test-method> <!-- teardown -->
      </class> <!-- testCases.TC002_loginTest -->
      <class name="testCases.TC003_productSearch">
        <test-method is-config="true" signature="setup(java.lang.String,java.lang.String)[pri:0, instance:testCases.TC003_productSearch@1b835480]" started-at="2025-02-20T00:24:22 IST" name="setup" finished-at="2025-02-20T00:24:25 IST" duration-ms="3039" status="PASS">
          <params>
            <param index="0">
              <value>
                <![CDATA[Windows]]>
              </value>
            </param>
            <param index="1">
              <value>
                <![CDATA[chrome]]>
              </value>
            </param>
          </params>
          <reporter-output>
          </reporter-output>
        </test-method> <!-- setup -->
        <test-method signature="productSearch()[pri:0, instance:testCases.TC003_productSearch@1b835480]" started-at="2025-02-20T00:24:25 IST" name="productSearch" finished-at="2025-02-20T00:24:33 IST" duration-ms="7691" status="PASS">
          <reporter-output>
          </reporter-output>
        </test-method> <!-- productSearch -->
        <test-method is-config="true" signature="teardown()[pri:0, instance:testCases.TC003_productSearch@1b835480]" started-at="2025-02-20T00:24:33 IST" name="teardown" finished-at="2025-02-20T00:24:33 IST" duration-ms="164" status="PASS">
          <reporter-output>
          </reporter-output>
        </test-method> <!-- teardown -->
      </class> <!-- testCases.TC003_productSearch -->
      <class name="testCases.TC003_loginDataDrivenTest">
        <test-method is-config="true" signature="setup(java.lang.String,java.lang.String)[pri:0, instance:testCases.TC003_loginDataDrivenTest@4b1d6571]" started-at="2025-02-20T00:23:56 IST" name="setup" finished-at="2025-02-20T00:23:59 IST" duration-ms="3061" status="PASS">
          <params>
            <param index="0">
              <value>
                <![CDATA[Windows]]>
              </value>
            </param>
            <param index="1">
              <value>
                <![CDATA[chrome]]>
              </value>
            </param>
          </params>
          <reporter-output>
          </reporter-output>
        </test-method> <!-- setup -->
        <test-method signature="verify_loginDataDrivenTest(java.lang.String,java.lang.String,java.lang.String)[pri:0, instance:testCases.TC003_loginDataDrivenTest@4b1d6571]" started-at="2025-02-20T00:24:00 IST" name="verify_loginDataDrivenTest" data-provider="loginData" finished-at="2025-02-20T00:24:01 IST" duration-ms="1603" status="PASS">
          <params>
            <param index="0">
              <value>
                <![CDATA[rajabhishek070223@gmail.com]]>
              </value>
            </param>
            <param index="1">
              <value>
                <![CDATA[123456]]>
              </value>
            </param>
            <param index="2">
              <value>
                <![CDATA[pass]]>
              </value>
            </param>
          </params>
          <reporter-output>
          </reporter-output>
        </test-method> <!-- verify_loginDataDrivenTest -->
        <test-method signature="verify_loginDataDrivenTest(java.lang.String,java.lang.String,java.lang.String)[pri:0, instance:testCases.TC003_loginDataDrivenTest@4b1d6571]" started-at="2025-02-20T00:24:01 IST" name="verify_loginDataDrivenTest" data-provider="loginData" finished-at="2025-02-20T00:24:11 IST" duration-ms="10111" status="FAIL">
          <params>
            <param index="0">
              <value>
                <![CDATA[hfagfhgfh@gmail.com]]>
              </value>
            </param>
            <param index="1">
              <value>
                <![CDATA[342423]]>
              </value>
            </param>
            <param index="2">
              <value>
                <![CDATA[fail]]>
              </value>
            </param>
          </params>
          <exception class="java.lang.AssertionError">
            <message>
              <![CDATA[null]]>
            </message>
            <full-stacktrace>
              <![CDATA[java.lang.AssertionError: null
at org.testng.Assert.fail(Assert.java:111)
at org.testng.Assert.fail(Assert.java:116)
at testCases.TC003_loginDataDrivenTest.verify_loginDataDrivenTest(TC003_loginDataDrivenTest.java:66)
at java.base/jdk.internal.reflect.DirectMethodHandleAccessor.invoke(DirectMethodHandleAccessor.java:103)
at java.base/java.lang.reflect.Method.invoke(Method.java:580)
at org.testng.internal.invokers.MethodInvocationHelper.invokeMethod(MethodInvocationHelper.java:141)
at org.testng.internal.invokers.TestInvoker.invokeMethod(TestInvoker.java:686)
at org.testng.internal.invokers.TestInvoker.invokeTestMethod(TestInvoker.java:230)
at org.testng.internal.invokers.MethodRunner.runInSequence(MethodRunner.java:63)
at org.testng.internal.invokers.TestInvoker$MethodInvocationAgent.invoke(TestInvoker.java:992)
at org.testng.internal.invokers.TestInvoker.invokeTestMethods(TestInvoker.java:203)
at org.testng.internal.invokers.TestMethodWorker.invokeTestMethods(TestMethodWorker.java:154)
at org.testng.internal.invokers.TestMethodWorker.run(TestMethodWorker.java:134)
at java.base/java.util.ArrayList.forEach(ArrayList.java:1597)
at org.testng.TestRunner.privateRun(TestRunner.java:739)
at org.testng.TestRunner.run(TestRunner.java:614)
at org.testng.SuiteRunner.runTest(SuiteRunner.java:421)
at org.testng.SuiteRunner.runSequentially(SuiteRunner.java:413)
at org.testng.SuiteRunner.privateRun(SuiteRunner.java:373)
at org.testng.SuiteRunner.run(SuiteRunner.java:312)
at org.testng.SuiteRunnerWorker.runSuite(SuiteRunnerWorker.java:52)
at org.testng.SuiteRunnerWorker.run(SuiteRunnerWorker.java:95)
at org.testng.TestNG.runSuitesSequentially(TestNG.java:1274)
at org.testng.TestNG.runSuitesLocally(TestNG.java:1208)
at org.testng.TestNG.runSuites(TestNG.java:1112)
at org.testng.TestNG.run(TestNG.java:1079)
at org.testng.remote.AbstractRemoteTestNG.run(AbstractRemoteTestNG.java:115)
at org.testng.remote.RemoteTestNG.initAndRun(RemoteTestNG.java:293)
at org.testng.remote.RemoteTestNG.main(RemoteTestNG.java:91)
]]>
            </full-stacktrace>
          </exception> <!-- java.lang.AssertionError -->
          <reporter-output>
          </reporter-output>
        </test-method> <!-- verify_loginDataDrivenTest -->
        <test-method signature="verify_loginDataDrivenTest(java.lang.String,java.lang.String,java.lang.String)[pri:0, instance:testCases.TC003_loginDataDrivenTest@4b1d6571]" started-at="2025-02-20T00:24:12 IST" name="verify_loginDataDrivenTest" data-provider="loginData" finished-at="2025-02-20T00:24:22 IST" duration-ms="10120" status="FAIL">
          <params>
            <param index="0">
              <value>
                <![CDATA[jfwgfwuhfuw@gmail.com]]>
              </value>
            </param>
            <param index="1">
              <value>
                <![CDATA[fwfhy4ed]]>
              </value>
            </param>
            <param index="2">
              <value>
                <![CDATA[fail]]>
              </value>
            </param>
          </params>
          <exception class="java.lang.AssertionError">
            <message>
              <![CDATA[null]]>
            </message>
            <full-stacktrace>
              <![CDATA[java.lang.AssertionError: null
at org.testng.Assert.fail(Assert.java:111)
at org.testng.Assert.fail(Assert.java:116)
at testCases.TC003_loginDataDrivenTest.verify_loginDataDrivenTest(TC003_loginDataDrivenTest.java:66)
at java.base/jdk.internal.reflect.DirectMethodHandleAccessor.invoke(DirectMethodHandleAccessor.java:103)
at java.base/java.lang.reflect.Method.invoke(Method.java:580)
at org.testng.internal.invokers.MethodInvocationHelper.invokeMethod(MethodInvocationHelper.java:141)
at org.testng.internal.invokers.TestInvoker.invokeMethod(TestInvoker.java:686)
at org.testng.internal.invokers.TestInvoker.invokeTestMethod(TestInvoker.java:230)
at org.testng.internal.invokers.MethodRunner.runInSequence(MethodRunner.java:63)
at org.testng.internal.invokers.TestInvoker$MethodInvocationAgent.invoke(TestInvoker.java:992)
at org.testng.internal.invokers.TestInvoker.invokeTestMethods(TestInvoker.java:203)
at org.testng.internal.invokers.TestMethodWorker.invokeTestMethods(TestMethodWorker.java:154)
at org.testng.internal.invokers.TestMethodWorker.run(TestMethodWorker.java:134)
at java.base/java.util.ArrayList.forEach(ArrayList.java:1597)
at org.testng.TestRunner.privateRun(TestRunner.java:739)
at org.testng.TestRunner.run(TestRunner.java:614)
at org.testng.SuiteRunner.runTest(SuiteRunner.java:421)
at org.testng.SuiteRunner.runSequentially(SuiteRunner.java:413)
at org.testng.SuiteRunner.privateRun(SuiteRunner.java:373)
at org.testng.SuiteRunner.run(SuiteRunner.java:312)
at org.testng.SuiteRunnerWorker.runSuite(SuiteRunnerWorker.java:52)
at org.testng.SuiteRunnerWorker.run(SuiteRunnerWorker.java:95)
at org.testng.TestNG.runSuitesSequentially(TestNG.java:1274)
at org.testng.TestNG.runSuitesLocally(TestNG.java:1208)
at org.testng.TestNG.runSuites(TestNG.java:1112)
at org.testng.TestNG.run(TestNG.java:1079)
at org.testng.remote.AbstractRemoteTestNG.run(AbstractRemoteTestNG.java:115)
at org.testng.remote.RemoteTestNG.initAndRun(RemoteTestNG.java:293)
at org.testng.remote.RemoteTestNG.main(RemoteTestNG.java:91)
]]>
            </full-stacktrace>
          </exception> <!-- java.lang.AssertionError -->
          <reporter-output>
          </reporter-output>
        </test-method> <!-- verify_loginDataDrivenTest -->
        <test-method is-config="true" signature="teardown()[pri:0, instance:testCases.TC003_loginDataDrivenTest@4b1d6571]" started-at="2025-02-20T00:24:22 IST" name="teardown" finished-at="2025-02-20T00:24:22 IST" duration-ms="145" status="PASS">
          <reporter-output>
          </reporter-output>
        </test-method> <!-- teardown -->
      </class> <!-- testCases.TC003_loginDataDrivenTest -->
      <class name="testCases.TTC001_accountRegistrationTest">
        <test-method is-config="true" signature="setup(java.lang.String,java.lang.String)[pri:0, instance:testCases.TTC001_accountRegistrationTest@5143c662]" started-at="2025-02-20T00:23:45 IST" name="setup" finished-at="2025-02-20T00:23:49 IST" duration-ms="3506" status="PASS">
          <params>
            <param index="0">
              <value>
                <![CDATA[Windows]]>
              </value>
            </param>
            <param index="1">
              <value>
                <![CDATA[chrome]]>
              </value>
            </param>
          </params>
          <reporter-output>
          </reporter-output>
        </test-method> <!-- setup -->
        <test-method signature="verify_account_registration()[pri:0, instance:testCases.TTC001_accountRegistrationTest@5143c662]" started-at="2025-02-20T00:23:49 IST" name="verify_account_registration" finished-at="2025-02-20T00:23:51 IST" duration-ms="2039" status="PASS">
          <reporter-output>
          </reporter-output>
        </test-method> <!-- verify_account_registration -->
        <test-method is-config="true" signature="teardown()[pri:0, instance:testCases.TTC001_accountRegistrationTest@5143c662]" started-at="2025-02-20T00:23:51 IST" name="teardown" finished-at="2025-02-20T00:23:51 IST" duration-ms="146" status="PASS">
          <reporter-output>
          </reporter-output>
        </test-method> <!-- teardown -->
      </class> <!-- testCases.TTC001_accountRegistrationTest -->
    </test> <!-- Test -->
  </suite> <!-- Suite -->
</testng-results>
